# JRE version: Java(TM) SE Runtime Environment (8.0_25-b17) (build 1.8.0_25-b17)
# Java VM: Java HotSpot(TM) 64-Bit Server VM (25.25-b02 mixed mode linux-amd64 compressed oops)
Heap:
 PSYoungGen      total 2624000K, used 0K [0x0000000615580000, 0x0000000716300000, 0x00000007c0000000)
  eden space 1164800K, 0% used [0x0000000615580000,0x0000000615580000,0x000000065c700000)
  from space 1459200K, 0% used [0x00000006bd200000,0x00000006bd200000,0x0000000716300000)
  to   space 1521664K, 0% used [0x000000065c700000,0x000000065c700000,0x00000006b9500000)
 ParOldGen       total 6565376K, used 6383191K [0x00000002c0000000, 0x0000000450b80000, 0x0000000615580000)
  object space 6565376K, 97% used [0x00000002c0000000,0x0000000445995ed0,0x0000000450b80000)
 Metaspace       used 3712K, capacity 4690K, committed 4864K, reserved 1056768K
  class space    used 387K, capacity 400K, committed 512K, reserved 1048576K
GC Heap History (10 events):
Event: 148.298 GC heap after
Heap after GC invocations=38 (full 8):
 PSYoungGen      total 2553856K, used 0K [0x0000000615580000, 0x000000071ed00000, 0x00000007c0000000)
  eden space 862720K, 0% used [0x0000000615580000,0x0000000615580000,0x000000064a000000)
  from space 1691136K, 0% used [0x00000006b7980000,0x00000006b7980000,0x000000071ed00000)
  to   space 1743360K, 0% used [0x000000064a000000,0x000000064a000000,0x00000006b4680000)
 ParOldGen       total 6565376K, used 5180945K [0x00000002c0000000, 0x0000000450b80000, 0x0000000615580000)
  object space 6565376K, 78% used [0x00000002c0000000,0x00000003fc384558,0x0000000450b80000)
 Metaspace       used 3686K, capacity 4672K, committed 4864K, reserved 1056768K
  class space    used 384K, capacity 397K, committed 512K, reserved 1048576K
}
Event: 151.161 GC heap before
{Heap before GC invocations=39 (full 8):
 PSYoungGen      total 2553856K, used 862720K [0x0000000615580000, 0x000000071ed00000, 0x00000007c0000000)
  eden space 862720K, 100% used [0x0000000615580000,0x000000064a000000,0x000000064a000000)
  from space 1691136K, 0% used [0x00000006b7980000,0x00000006b7980000,0x000000071ed00000)
  to   space 1743360K, 0% used [0x000000064a000000,0x000000064a000000,0x00000006b4680000)
 ParOldGen       total 6565376K, used 5180945K [0x00000002c0000000, 0x0000000450b80000, 0x0000000615580000)
  object space 6565376K, 78% used [0x00000002c0000000,0x00000003fc384558,0x0000000450b80000)
 Metaspace       used 3712K, capacity 4690K, committed 4864K, reserved 1056768K
  class space    used 387K, capacity 400K, committed 512K, reserved 1048576K
Event: 151.526 GC heap after
Heap after GC invocations=39 (full 8):
 PSYoungGen      total 2606080K, used 394464K [0x0000000615580000, 0x0000000721b00000, 0x00000007c0000000)
  eden space 862720K, 0% used [0x0000000615580000,0x0000000615580000,0x000000064a000000)
  from space 1743360K, 22% used [0x000000064a000000,0x0000000662138040,0x00000006b4680000)
  to   space 1702400K, 0% used [0x00000006b9c80000,0x00000006b9c80000,0x0000000721b00000)
 ParOldGen       total 6565376K, used 5180953K [0x00000002c0000000, 0x0000000450b80000, 0x0000000615580000)
  object space 6565376K, 78% used [0x00000002c0000000,0x00000003fc386558,0x0000000450b80000)
 Metaspace       used 3712K, capacity 4690K, committed 4864K, reserved 1056768K
  class space    used 387K, capacity 400K, committed 512K, reserved 1048576K
}
Event: 152.662 GC heap before
{Heap before GC invocations=40 (full 8):
 PSYoungGen      total 2606080K, used 1238154K [0x0000000615580000, 0x0000000721b00000, 0x00000007c0000000)
  eden space 862720K, 97% used [0x0000000615580000,0x0000000648d6ab78,0x000000064a000000)
  from space 1743360K, 22% used [0x000000064a000000,0x0000000662138040,0x00000006b4680000)
  to   space 1702400K, 0% used [0x00000006b9c80000,0x00000006b9c80000,0x0000000721b00000)
 ParOldGen       total 6565376K, used 5180953K [0x00000002c0000000, 0x0000000450b80000, 0x0000000615580000)
  object space 6565376K, 78% used [0x00000002c0000000,0x00000003fc386558,0x0000000450b80000)
 Metaspace       used 3712K, capacity 4690K, committed 4864K, reserved 1056768K
  class space    used 387K, capacity 400K, committed 512K, reserved 1048576K
Event: 164.529 GC heap after
Heap after GC invocations=40 (full 8):
 PSYoungGen      total 2629632K, used 411360K [0x0000000615580000, 0x000000071cb80000, 0x00000007c0000000)
  eden space 1008640K, 0% used [0x0000000615580000,0x0000000615580000,0x0000000652e80000)
  from space 1620992K, 25% used [0x00000006b9c80000,0x00000006d2e38050,0x000000071cb80000)
  to   space 1653248K, 0% used [0x0000000652e80000,0x0000000652e80000,0x00000006b7d00000)
 ParOldGen       total 6565376K, used 5550849K [0x00000002c0000000, 0x0000000450b80000, 0x0000000615580000)
  object space 6565376K, 84% used [0x00000002c0000000,0x0000000412cc0578,0x0000000450b80000)
 Metaspace       used 3712K, capacity 4690K, committed 4864K, reserved 1056768K
  class space    used 387K, capacity 400K, committed 512K, reserved 1048576K
}
Event: 169.370 GC heap before
{Heap before GC invocations=41 (full 8):
 PSYoungGen      total 2629632K, used 1420000K [0x0000000615580000, 0x000000071cb80000, 0x00000007c0000000)
  eden space 1008640K, 100% used [0x0000000615580000,0x0000000652e80000,0x0000000652e80000)
  from space 1620992K, 25% used [0x00000006b9c80000,0x00000006d2e38050,0x000000071cb80000)
  to   space 1653248K, 0% used [0x0000000652e80000,0x0000000652e80000,0x00000006b7d00000)
 ParOldGen       total 6565376K, used 5550849K [0x00000002c0000000, 0x0000000450b80000, 0x0000000615580000)
  object space 6565376K, 84% used [0x00000002c0000000,0x0000000412cc0578,0x0000000450b80000)
 Metaspace       used 3712K, capacity 4690K, committed 4864K, reserved 1056768K
  class space    used 387K, capacity 400K, committed 512K, reserved 1048576K
Event: 177.347 GC heap after
Heap after GC invocations=41 (full 8):
 PSYoungGen      total 2661888K, used 443840K [0x0000000615580000, 0x000000071e880000, 0x00000007c0000000)
  eden space 1008640K, 0% used [0x0000000615580000,0x0000000615580000,0x0000000652e80000)
  from space 1653248K, 26% used [0x0000000652e80000,0x000000066dff0010,0x00000006b7d00000)
  to   space 1595904K, 0% used [0x00000006bd200000,0x00000006bd200000,0x000000071e880000)
 ParOldGen       total 6565376K, used 5912361K [0x00000002c0000000, 0x0000000450b80000, 0x0000000615580000)
  object space 6565376K, 90% used [0x00000002c0000000,0x0000000428dca598,0x0000000450b80000)
 Metaspace       used 3712K, capacity 4690K, committed 4864K, reserved 1056768K
  class space    used 387K, capacity 400K, committed 512K, reserved 1048576K
}
Event: 178.736 GC heap before
{Heap before GC invocations=42 (full 8):
 PSYoungGen      total 2661888K, used 1452480K [0x0000000615580000, 0x000000071e880000, 0x00000007c0000000)
  eden space 1008640K, 100% used [0x0000000615580000,0x0000000652e80000,0x0000000652e80000)
  from space 1653248K, 26% used [0x0000000652e80000,0x000000066dff0010,0x00000006b7d00000)
  to   space 1595904K, 0% used [0x00000006bd200000,0x00000006bd200000,0x000000071e880000)
 ParOldGen       total 6565376K, used 5912361K [0x00000002c0000000, 0x0000000450b80000, 0x0000000615580000)
  object space 6565376K, 90% used [0x00000002c0000000,0x0000000428dca598,0x0000000450b80000)
 Metaspace       used 3712K, capacity 4690K, committed 4864K, reserved 1056768K
  class space    used 387K, capacity 400K, committed 512K, reserved 1048576K
Event: 183.758 GC heap after
Heap after GC invocations=42 (full 8):
 PSYoungGen      total 2624000K, used 537248K [0x0000000615580000, 0x0000000716300000, 0x00000007c0000000)
  eden space 1164800K, 0% used [0x0000000615580000,0x0000000615580000,0x000000065c700000)
  from space 1459200K, 36% used [0x00000006bd200000,0x00000006ddea8030,0x0000000716300000)
  to   space 1521664K, 0% used [0x000000065c700000,0x000000065c700000,0x00000006b9500000)
 ParOldGen       total 6565376K, used 6312249K [0x00000002c0000000, 0x0000000450b80000, 0x0000000615580000)
  object space 6565376K, 96% used [0x00000002c0000000,0x000000044144e598,0x0000000450b80000)
 Metaspace       used 3712K, capacity 4690K, committed 4864K, reserved 1056768K
  class space    used 387K, capacity 400K, committed 512K, reserved 1048576K
}
Event: 183.758 GC heap before
{Heap before GC invocations=43 (full 9):
 PSYoungGen      total 2624000K, used 537248K [0x0000000615580000, 0x0000000716300000, 0x00000007c0000000)
  eden space 1164800K, 0% used [0x0000000615580000,0x0000000615580000,0x000000065c700000)
  from space 1459200K, 36% used [0x00000006bd200000,0x00000006ddea8030,0x0000000716300000)
  to   space 1521664K, 0% used [0x000000065c700000,0x000000065c700000,0x00000006b9500000)
 ParOldGen       total 6565376K, used 6312249K [0x00000002c0000000, 0x0000000450b80000, 0x0000000615580000)
  object space 6565376K, 96% used [0x00000002c0000000,0x000000044144e598,0x0000000450b80000)
 Metaspace       used 3712K, capacity 4690K, committed 4864K, reserved 1056768K
  class space    used 387K, capacity 400K, committed 512K, reserved 1048576K

